Avaiable DISK:
emc_clariion0_811 5079 thick DGC%5FRAID%205%5FCETV2140800019%5F600601601D3038009F2CD6DEA2DCE511 2
emc_clariion0_810 5079 thick DGC%5FRAID%205%5FCETV2140800019%5F600601601D3038009E2CD6DEA2DCE511 2
emc_clariion0_809 5079 thick DGC%5FRAID%205%5FCETV2140800019%5F600601601D303800F650F2D7A2DCE511 2
emc_clariion0_808 5079 thick DGC%5FRAID%205%5FCETV2140800019%5F600601601D303800F550F2D7A2DCE511 2
emc_clariion0_756 5079 thick DGC%5FRAID%205%5FCETV2140800019%5F600601601D303800F450F2D7A2DCE511 2
emc_clariion0_755 5079 thick DGC%5FRAID%205%5FCETV2140800019%5F600601601D303800F350F2D7A2DCE511 2
emc_clariion0_754 5079 thick DGC%5FRAID%205%5FCETV2140800019%5F600601601D303800F250F2D7A2DCE511 2
emc_clariion0_753 5079 thick DGC%5FRAID%205%5FCETV2140800019%5F600601601D303800B38146D0A2DCE511 2
emc_clariion0_752 5079 thick DGC%5FRAID%205%5FCETV2140800019%5F600601601D303800B28146D0A2DCE511 2
emc_clariion0_751 5079 thick DGC%5FRAID%205%5FCETV2140800019%5F600601601D303800B18146D0A2DCE511 2
emc_clariion0_750 5079 thick DGC%5FRAID%205%5FCETV2140800019%5F600601601D303800B08146D0A2DCE511 2
emc_clariion0_594 5079 thick DGC%5FRAID%205%5FCETV2140800019%5F600601601D303800E2EC4BCAA2DCE511 2
emc_clariion0_593 5079 thick DGC%5FRAID%205%5FCETV2140800019%5F600601601D303800E1EC4BCAA2DCE511 2
emc_clariion0_592 5079 thick DGC%5FRAID%205%5FCETV2140800019%5F600601601D303800E0EC4BCAA2DCE511 2
emc_clariion0_574 5079 thick DGC%5FRAID%205%5FCETV2140800019%5F600601601D3038008AB10EC4A2DCE511 2
emc_clariion0_573 5079 thick DGC%5FRAID%205%5FCETV2140800019%5F600601601D30380089B10EC4A2DCE511 2
emc_clariion0_572 5079 thick DGC%5FRAID%205%5FCETV2140800019%5F600601601D30380088B10EC4A2DCE511 2
emc_clariion0_571 5079 thick DGC%5FRAID%205%5FCETV2140800019%5F600601601D303800B606EEBDA2DCE511 2
emc_clariion0_567 5079 thick DGC%5FRAID%205%5FCETV2140800019%5F600601601D3038009D8795B6A2DCE511 2
emc_clariion0_566 5079 thick DGC%5FRAID%205%5FCETV2140800019%5F600601601D3038009C8795B6A2DCE511 2
emc_clariion0_565 5079 thick DGC%5FRAID%205%5FCETV2140800019%5F600601601D3038009B8795B6A2DCE511 2
emc_clariion0_1613 5079 thin DGC%5FVRAID%5FCETV2140800019%5F600601601D303800FF3A16B5C8F4E511 2
emc_clariion0_1612 5079 thin DGC%5FVRAID%5FCETV2140800019%5F600601601D303800FD3A16B5C8F4E511 2
emc_clariion0_1611 5079 thin DGC%5FVRAID%5FCETV2140800019%5F600601601D303800F15BE0ACC8F4E511 2
emc_clariion0_1610 5079 thin DGC%5FVRAID%5FCETV2140800019%5F600601601D303800EF5BE0ACC8F4E511 2
emc_clariion0_1609 5079 thin DGC%5FVRAID%5FCETV2140800019%5F600601601D303800ED5BE0ACC8F4E511 2
emc_clariion0_1608 5079 thin DGC%5FVRAID%5FCETV2140800019%5F600601601D303800EB5BE0ACC8F4E511 2
emc_clariion0_1607 5079 thin DGC%5FVRAID%5FCETV2140800019%5F600601601D303800951590A6C8F4E511 2
emc_clariion0_1606 5079 thin DGC%5FVRAID%5FCETV2140800019%5F600601601D303800931590A6C8F4E511 2
emc_clariion0_1605 5079 thin DGC%5FVRAID%5FCETV2140800019%5F600601601D303800911590A6C8F4E511 2
emc_clariion0_1604 5079 thin DGC%5FVRAID%5FCETV2140800019%5F600601601D30380033A3F39FC8F4E511 2
emc_clariion0_1603 5079 thin DGC%5FVRAID%5FCETV2140800019%5F600601601D30380031A3F39FC8F4E511 2
emc_clariion0_1602 5079 thin DGC%5FVRAID%5FCETV2140800019%5F600601601D3038002FA3F39FC8F4E511 2
emc_clariion0_1601 5079 thin DGC%5FVRAID%5FCETV2140800019%5F600601601D3038002C7C3399C8F4E511 2
emc_clariion0_1600 5079 thin DGC%5FVRAID%5FCETV2140800019%5F600601601D3038002A7C3399C8F4E511 2
emc_clariion0_1599 5079 thin DGC%5FVRAID%5FCETV2140800019%5F600601601D303800287C3399C8F4E511 2


DISKS Found:

emc_clariion0_811
