Avaiable DISK:
ams_25000_406 5079 thick HITACHI%5FDF600F%5F87011286%5F0196 2
ams_25000_405 5079 thick HITACHI%5FDF600F%5F87011286%5F0195 2
ams_25000_404 5079 thick HITACHI%5FDF600F%5F87011286%5F0194 2
ams_25000_403 5079 thick HITACHI%5FDF600F%5F87011286%5F0193 2
ams_25000_402 5079 thick HITACHI%5FDF600F%5F87011286%5F0192 2
ams_25000_401 5079 thick HITACHI%5FDF600F%5F87011286%5F0191 2
ams_25000_400 5079 thick HITACHI%5FDF600F%5F87011286%5F0190 2
ams_25000_399 5079 thick HITACHI%5FDF600F%5F87011286%5F018F 2
ams_25000_398 5079 thick HITACHI%5FDF600F%5F87011286%5F018E 2
ams_25000_397 5079 thick HITACHI%5FDF600F%5F87011286%5F018D 2
ams_25000_396 5079 thick HITACHI%5FDF600F%5F87011286%5F018C 2
ams_25000_395 5079 thick HITACHI%5FDF600F%5F87011286%5F018B 2
ams_25000_394 5079 thick HITACHI%5FDF600F%5F87011286%5F018A 2
ams_25000_393 5079 thick HITACHI%5FDF600F%5F87011286%5F0189 2
ams_25000_387 5079 thick HITACHI%5FDF600F%5F87011286%5F0183 2
ams_25000_386 5079 thick HITACHI%5FDF600F%5F87011286%5F0182 2
ams_25000_385 5079 thick HITACHI%5FDF600F%5F87011286%5F0181 2
ams_25000_384 5079 thick HITACHI%5FDF600F%5F87011286%5F0180 2
ams_25000_383 5079 thick HITACHI%5FDF600F%5F87011286%5F017F 2
ams_25000_249 5079 thin HITACHI%5FDF600F%5F87011286%5F00F9 2
ams_25000_248 5079 thin HITACHI%5FDF600F%5F87011286%5F00F8 2
ams_25000_247 5079 thin HITACHI%5FDF600F%5F87011286%5F00F7 2
ams_25000_246 5079 thin HITACHI%5FDF600F%5F87011286%5F00F6 2
ams_25000_245 5079 thin HITACHI%5FDF600F%5F87011286%5F00F5 2
ams_25000_235 5079 thin HITACHI%5FDF600F%5F87011286%5F00EB 2
ams_25000_234 5079 thin HITACHI%5FDF600F%5F87011286%5F00EA 2
ams_25000_233 5079 thin HITACHI%5FDF600F%5F87011286%5F00E9 2
ams_25000_222 5079 thin HITACHI%5FDF600F%5F87011286%5F00DE 2
ams_25000_221 5079 thin HITACHI%5FDF600F%5F87011286%5F00DD 2
ams_25000_111 5079 thin HITACHI%5FDF600F%5F87011286%5F006F 2
ams_25000_110 5079 thin HITACHI%5FDF600F%5F87011286%5F006E 2
ams_25000_109 5079 thin HITACHI%5FDF600F%5F87011286%5F006D 2
ams_25000_108 5079 thin HITACHI%5FDF600F%5F87011286%5F006C 2
ams_25000_104 5079 thin HITACHI%5FDF600F%5F87011286%5F0068 2
ams_25000_102 5079 thin HITACHI%5FDF600F%5F87011286%5F0066 2


DISKS Found:

ams_25000_406
