Avaiable DISK:
ams_25000_407 5109 thick
ams_25000_406 5079 thick
ams_25000_405 5079 thick
ams_25000_404 5079 thick
ams_25000_403 5079 thick
ams_25000_402 5079 thick
ams_25000_401 5079 thick
ams_25000_400 5079 thick
ams_25000_399 5079 thick
ams_25000_398 5079 thick
ams_25000_397 5079 thick
ams_25000_396 5079 thick
ams_25000_395 5079 thick
ams_25000_394 5079 thick
ams_25000_393 5079 thick
ams_25000_387 5079 thick
ams_25000_386 5079 thick
ams_25000_385 5079 thick
ams_25000_384 5079 thick
ams_25000_383 5079 thick
ams_25000_249 5079 thin
ams_25000_248 5079 thin
ams_25000_247 5079 thin
ams_25000_246 5079 thin
ams_25000_245 5079 thin
ams_25000_235 5079 thin
ams_25000_234 5079 thin
ams_25000_233 5079 thin
ams_25000_222 5079 thin
ams_25000_221 5079 thin
ams_25000_111 5079 thin
ams_25000_110 5079 thin
ams_25000_109 5079 thin
ams_25000_108 5079 thin
ams_25000_104 5079 thin
ams_25000_103 5079 thin
ams_25000_102 5079 thin


DISKS Found:

ams_25000_407
