Avaiable DISK:
emc_clariion0_75 5079 thick
emc_clariion0_74 5079 thick
emc_clariion0_73 5079 thick
emc_clariion0_72 5079 thick
emc_clariion0_71 5079 thick
emc_clariion0_70 5079 thick
ams_25000_736 5079 thick
ams_25000_735 5079 thick
ams_25000_734 5079 thick
ams_25000_733 5079 thick
ams_25000_1851 5079 thick
ams_25000_1850 5079 thick
ams_25000_1849 5079 thick
ams_25000_1848 5079 thick
ams_25000_1847 5079 thick
ams_25000_1846 5079 thick
ams_25000_1845 5079 thick
ams_25000_1844 5079 thick
ams_25000_1743 5079 thick
ams_25000_1742 5079 thick
ams_25000_1741 5079 thick
ams_25000_1740 5079 thick
ams_25000_1739 5079 thick
ams_25000_1738 5079 thick
ams_25000_1737 5079 thick
ams_25000_1736 5079 thick
ams_25000_1735 5079 thick
ams_25000_1734 5079 thick
ams_25000_1798 5079 thin
ams_25000_1797 5079 thin
ams_25000_1796 5079 thin
ams_25000_1795 5079 thin
ams_25000_1794 5079 thin
ams_25000_1793 5079 thin
ams_25000_1792 5079 thin
ams_25000_1791 5079 thin
ams_25000_1790 5079 thin
ams_25000_1789 5079 thin
ams_25000_1788 5079 thin
ams_25000_1787 5079 thin
ams_25000_1786 5079 thin
ams_25000_1785 5079 thin
ams_25000_1784 5079 thin
ams_25000_1783 5079 thin
ams_25000_1782 5079 thin
ams_25000_1781 5079 thin


DISKS Found:

emc_clariion0_75
