Avaiable DISK:
emc_clariion0_300 5079 thick DGC%5FVRAID%5FCKM00121900328%5F6006016024F03000BE428A085184E611 1
emc_clariion0_299 5079 thick DGC%5FVRAID%5FCKM00121900328%5F6006016024F03000BC428A085184E611 1
emc_clariion0_298 5079 thick DGC%5FVRAID%5FCKM00121900328%5F6006016024F03000BA428A085184E611 1
emc_clariion0_297 5079 thick DGC%5FVRAID%5FCKM00121900328%5F6006016024F03000B8428A085184E611 1
emc_clariion0_296 5079 thick DGC%5FVRAID%5FCKM00121900328%5F6006016024F030007C6718025184E611 1
emc_clariion0_295 5079 thick DGC%5FVRAID%5FCKM00121900328%5F6006016024F030007A6718025184E611 1
emc_clariion0_294 5079 thick DGC%5FVRAID%5FCKM00121900328%5F6006016024F03000786718025184E611 1
emc_clariion0_293 5079 thick DGC%5FVRAID%5FCKM00121900328%5F6006016024F03000766718025184E611 1
emc_clariion0_292 5079 thick DGC%5FVRAID%5FCKM00121900328%5F6006016024F03000746718025184E611 1
emc_clariion0_291 5079 thick DGC%5FVRAID%5FCKM00121900328%5F6006016024F03000726718025184E611 1
emc_clariion0_290 5079 thick DGC%5FVRAID%5FCKM00121900328%5F6006016024F03000706718025184E611 1
emc_clariion0_289 5079 thick DGC%5FVRAID%5FCKM00121900328%5F6006016024F03000D2431CFB5084E611 1
emc_clariion0_288 5079 thick DGC%5FVRAID%5FCKM00121900328%5F6006016024F03000D0431CFB5084E611 1
emc_clariion0_287 5079 thick DGC%5FVRAID%5FCKM00121900328%5F6006016024F03000CE431CFB5084E611 1
emc_clariion0_286 5079 thick DGC%5FVRAID%5FCKM00121900328%5F6006016024F03000CC431CFB5084E611 1
emc_clariion0_285 5079 thick DGC%5FVRAID%5FCKM00121900328%5F6006016024F03000CA431CFB5084E611 1
emc_clariion0_281 5079 thin DGC%5FVRAID%5FCKM00121900328%5F6006016024F03000F66A6EC75084E611 1
emc_clariion0_280 5079 thin DGC%5FVRAID%5FCKM00121900328%5F6006016024F03000F46A6EC75084E611 1
emc_clariion0_279 5079 thin DGC%5FVRAID%5FCKM00121900328%5F6006016024F03000F26A6EC75084E611 1
emc_clariion0_278 5079 thin DGC%5FVRAID%5FCKM00121900328%5F6006016024F030002EB8E4C05084E611 1
emc_clariion0_277 5079 thin DGC%5FVRAID%5FCKM00121900328%5F6006016024F030002CB8E4C05084E611 1
emc_clariion0_276 5079 thin DGC%5FVRAID%5FCKM00121900328%5F6006016024F030002AB8E4C05084E611 1
emc_clariion0_275 5079 thin DGC%5FVRAID%5FCKM00121900328%5F6006016024F0300028B8E4C05084E611 1
emc_clariion0_274 5079 thin DGC%5FVRAID%5FCKM00121900328%5F6006016024F0300026B8E4C05084E611 1
emc_clariion0_273 5079 thin DGC%5FVRAID%5FCKM00121900328%5F6006016024F03000A0AB9EB95084E611 1
emc_clariion0_263 5079 thin DGC%5FVRAID%5FCKM00121900328%5F6006016024F030009EAB9EB95084E611 1
emc_clariion0_262 5079 thin DGC%5FVRAID%5FCKM00121900328%5F6006016024F030009CAB9EB95084E611 1
emc_clariion0_261 5079 thin DGC%5FVRAID%5FCKM00121900328%5F6006016024F030009AAB9EB95084E611 1
emc_clariion0_260 5079 thin DGC%5FVRAID%5FCKM00121900328%5F6006016024F0300098AB9EB95084E611 1
emc_clariion0_14 5079 thin DGC%5FVRAID%5FCKM00121900328%5F6006016024F0300094AB9EB95084E611 1


DISKS Found:

emc_clariion0_300
