Avaiable DISK:
emc_clariion0_301 5079 thick
emc_clariion0_300 5079 thick
emc_clariion0_299 5079 thick
emc_clariion0_298 5079 thick
emc_clariion0_297 5079 thick
emc_clariion0_296 5079 thick
emc_clariion0_295 5079 thick
emc_clariion0_294 5079 thick
emc_clariion0_293 5079 thick
emc_clariion0_292 5079 thick
emc_clariion0_291 5079 thick
emc_clariion0_290 5079 thick
emc_clariion0_289 5079 thick
emc_clariion0_288 5079 thick
emc_clariion0_287 5079 thick
emc_clariion0_286 5079 thick
emc_clariion0_285 5079 thick
emc_clariion0_281 5079 thin
emc_clariion0_280 5079 thin
emc_clariion0_279 5079 thin
emc_clariion0_278 5079 thin
emc_clariion0_277 5079 thin
emc_clariion0_276 5079 thin
emc_clariion0_275 5079 thin
emc_clariion0_274 5079 thin
emc_clariion0_273 5079 thin
emc_clariion0_263 5079 thin
emc_clariion0_262 5079 thin
emc_clariion0_261 5079 thin
emc_clariion0_260 5079 thin
emc_clariion0_259 5079 thin
emc_clariion0_14 5079 thin


DISKS Found:

emc_clariion0_301
