Avaiable DISK:
emc_clariion0_1148 2007 thick
emc_clariion0_1147 2007 thick
emc_clariion0_1146 2007 thick
emc_clariion0_1145 2007 thick
emc_clariion0_1144 2007 thick
emc_clariion0_1143 2007 thick
emc_clariion0_1142 2007 thick
emc_clariion0_1141 2007 thick
emc_clariion0_1140 2007 thick
emc_clariion0_1139 2007 thick
emc_clariion0_1138 2007 thick
emc_clariion0_1137 2007 thick
emc_clariion0_1136 2007 thick
emc_clariion0_1135 2007 thick
emc_clariion0_1134 2007 thick
emc_clariion0_1133 2007 thick
emc_clariion0_1132 2007 thick
emc_clariion0_1131 2007 thick
emc_clariion0_1130 2007 thick
emc_clariion0_1103 2007 thick
emc_clariion0_1102 2007 thick
emc_clariion0_1101 2007 thick
emc_clariion0_1100 2007 thick
emc_clariion0_1099 2007 thick
emc_clariion0_1098 2007 thick
emc_clariion0_1097 2007 thick
emc_clariion0_1096 2007 thick
emc_clariion0_1095 2007 thick
emc_clariion0_1094 2007 thick
emc_clariion0_1093 2007 thick
emc_clariion0_1092 2007 thick
emc_clariion0_1091 2007 thick
emc_clariion0_1090 2007 thick
emc_clariion0_1089 2007 thick
emc_clariion0_1088 2007 thick
emc_clariion0_1087 2007 thick
emc_clariion0_1086 2007 thick
emc_clariion0_1085 2007 thick
emc_clariion0_1084 2007 thick
emc_clariion0_1083 2007 thick
emc_clariion0_1082 2007 thick
emc_clariion0_1081 2007 thick
emc_clariion0_1080 2007 thick
emc_clariion0_1564 10199 thin
emc_clariion0_1563 10199 thin
emc_clariion0_1553 10199 thin
emc_clariion0_1552 10199 thin
emc_clariion0_1551 10199 thin
emc_clariion0_1550 10199 thin
emc_clariion0_1549 10199 thin
emc_clariion0_1548 10199 thin
emc_clariion0_1547 10199 thin
emc_clariion0_1546 10199 thin


DISKS Found:

emc_clariion0_1148 emc_clariion0_1147 emc_clariion0_1146 emc_clariion0_1145 emc_clariion0_1144 emc_clariion0_1143 emc_clariion0_1142 emc_clariion0_1141 emc_clariion0_1140 emc_clariion0_1139 emc_clariion0_1138 emc_clariion0_1137 emc_clariion0_1136 emc_clariion0_1135 emc_clariion0_1134 emc_clariion0_1133 emc_clariion0_1132 emc_clariion0_1131 emc_clariion0_1130
