Avaiable DISK:
emc_clariion0_1628 163799 thick
emc_clariion0_614 5079 thick
emc_clariion0_613 5079 thick
emc_clariion0_612 5079 thick
emc_clariion0_611 5079 thick
emc_clariion0_610 5079 thick
emc_clariion0_609 5079 thick
emc_clariion0_608 5079 thick
emc_clariion0_607 5079 thick
emc_clariion0_606 5079 thick
emc_clariion0_605 5079 thick
emc_clariion0_604 5079 thick
emc_clariion0_596 5079 thick
emc_clariion0_595 5079 thick
emc_clariion0_1651 989 thick
emc_clariion0_1650 989 thick
emc_clariion0_1649 989 thick
ams_25000_510 6103 thin
ams_25000_509 6103 thin
ams_25000_472 6103 thin
ams_25000_431 6103 thin
ams_25000_413 6103 thin
ams_25000_412 6103 thin
ams_25000_411 6103 thin
ams_25000_410 6103 thin
ams_25000_372 6103 thin
ams_25000_371 6103 thin
ams_25000_370 6103 thin
ams_25000_369 6103 thin
ams_25000_368 6103 thin
ams_25000_367 6103 thin
ams_25000_366 6103 thin
ams_25000_365 6103 thin
ams_25000_364 6103 thin


DISKS Found:

emc_clariion0_1628
