Avaiable DISK:
ams_25000_518 143360 thick HITACHI%5FDF600F%5F87011286%5F0206 2
ams_25000_553 5120 thick HITACHI%5FDF600F%5F87011286%5F0229 2
ams_25000_552 5120 thick HITACHI%5FDF600F%5F87011286%5F0228 2
ams_25000_551 5120 thick HITACHI%5FDF600F%5F87011286%5F0227 2
ams_25000_550 5120 thick HITACHI%5FDF600F%5F87011286%5F0226 2
ams_25000_549 5120 thick HITACHI%5FDF600F%5F87011286%5F0225 2
ams_25000_548 5120 thick HITACHI%5FDF600F%5F87011286%5F0224 2
ams_25000_547 5120 thick HITACHI%5FDF600F%5F87011286%5F0223 2
ams_25000_546 5120 thick HITACHI%5FDF600F%5F87011286%5F0222 2
ams_25000_545 5120 thick HITACHI%5FDF600F%5F87011286%5F0221 2
ams_25000_544 5120 thick HITACHI%5FDF600F%5F87011286%5F0220 2
ams_25000_1462 5120 thick HITACHI%5FDF600F%5F87011286%5F05B6 2
ams_25000_1461 5120 thick HITACHI%5FDF600F%5F87011286%5F05B5 2
ams_25000_1460 5120 thick HITACHI%5FDF600F%5F87011286%5F05B4 2
ams_25000_1363 5120 thick HITACHI%5FDF600F%5F87011286%5F0553 2
ams_25000_1350 5120 thick HITACHI%5FDF600F%5F87011286%5F0546 2
ams_25000_1349 5120 thick HITACHI%5FDF600F%5F87011286%5F0545 2
ams_25000_1348 5120 thick HITACHI%5FDF600F%5F87011286%5F0544 2
ams_25000_1346 5120 thick HITACHI%5FDF600F%5F87011286%5F0542 2
ams_25000_1345 5120 thick HITACHI%5FDF600F%5F87011286%5F0541 2
ams_25000_1344 5120 thick HITACHI%5FDF600F%5F87011286%5F0540 1
ams_25000_539 8192 thin HITACHI%5FDF600F%5F87011286%5F021B 2
ams_25000_538 8192 thin HITACHI%5FDF600F%5F87011286%5F021A 2
ams_25000_537 8192 thin HITACHI%5FDF600F%5F87011286%5F0219 2
ams_25000_536 8192 thin HITACHI%5FDF600F%5F87011286%5F0218 2
ams_25000_532 8192 thin HITACHI%5FDF600F%5F87011286%5F0214 2
ams_25000_531 8192 thin HITACHI%5FDF600F%5F87011286%5F0213 2
ams_25000_530 8192 thin HITACHI%5FDF600F%5F87011286%5F0212 2
ams_25000_529 8192 thin HITACHI%5FDF600F%5F87011286%5F0211 2
ams_25000_528 8192 thin HITACHI%5FDF600F%5F87011286%5F0210 2
ams_25000_527 8192 thin HITACHI%5FDF600F%5F87011286%5F020F 2
emc_clariion0_1394 5120 thin DGC%5FVRAID%5FCETV2140800019%5F600601601D303800DD1E9B53D4A5E411 2
emc_clariion0_1393 5120 thin DGC%5FVRAID%5FCETV2140800019%5F600601601D303800DB1E9B53D4A5E411 2
emc_clariion0_1392 5120 thin DGC%5FVRAID%5FCETV2140800019%5F600601601D3038006DD57C4DD4A5E411 2
emc_clariion0_1391 5120 thin DGC%5FVRAID%5FCETV2140800019%5F600601601D3038006BD57C4DD4A5E411 2
emc_clariion0_1390 5120 thin DGC%5FVRAID%5FCETV2140800019%5F600601601D30380069D57C4DD4A5E411 2
emc_clariion0_1389 5120 thin DGC%5FVRAID%5FCETV2140800019%5F600601601D30380067D57C4DD4A5E411 2
emc_clariion0_1388 5120 thin DGC%5FVRAID%5FCETV2140800019%5F600601601D303800CF3B0B47D4A5E411 2
emc_clariion0_1387 5120 thin DGC%5FVRAID%5FCETV2140800019%5F600601601D303800CD3B0B47D4A5E411 2
emc_clariion0_1386 5120 thin DGC%5FVRAID%5FCETV2140800019%5F600601601D303800CB3B0B47D4A5E411 2
emc_clariion0_1385 5120 thin DGC%5FVRAID%5FCETV2140800019%5F600601601D303800C93B0B47D4A5E411 2
emc_clariion0_1384 5120 thin DGC%5FVRAID%5FCETV2140800019%5F600601601D303800F885D740D4A5E411 2
emc_clariion0_1383 5120 thin DGC%5FVRAID%5FCETV2140800019%5F600601601D303800F685D740D4A5E411 2
emc_clariion0_1382 5120 thin DGC%5FVRAID%5FCETV2140800019%5F600601601D303800F485D740D4A5E411 2
emc_clariion0_1381 5120 thin DGC%5FVRAID%5FCETV2140800019%5F600601601D303800F285D740D4A5E411 2
emc_clariion0_1380 5120 thin DGC%5FVRAID%5FCETV2140800019%5F600601601D3038001699443AD4A5E411 2
emc_clariion0_1379 5120 thin DGC%5FVRAID%5FCETV2140800019%5F600601601D3038001499443AD4A5E411 2
emc_clariion0_1378 5120 thin DGC%5FVRAID%5FCETV2140800019%5F600601601D3038001299443AD4A5E411 2
emc_clariion0_1377 5120 thin DGC%5FVRAID%5FCETV2140800019%5F600601601D3038001099443AD4A5E411 2
emc_clariion0_1376 5120 thin DGC%5FVRAID%5FCETV2140800019%5F600601601D3038001AA9E333D4A5E411 2
emc_clariion0_1375 5120 thin DGC%5FVRAID%5FCETV2140800019%5F600601601D30380018A9E333D4A5E411 2
emc_clariion0_1374 5120 thin DGC%5FVRAID%5FCETV2140800019%5F600601601D30380016A9E333D4A5E411 2
emc_clariion0_1373 5120 thin DGC%5FVRAID%5FCETV2140800019%5F600601601D30380014A9E333D4A5E411 2
emc_clariion0_1372 5120 thin DGC%5FVRAID%5FCETV2140800019%5F600601601D30380000A08E2DD4A5E411 2
emc_clariion0_1371 5120 thin DGC%5FVRAID%5FCETV2140800019%5F600601601D303800FE9F8E2DD4A5E411 2
emc_clariion0_1370 5120 thin DGC%5FVRAID%5FCETV2140800019%5F600601601D303800FC9F8E2DD4A5E411 2
emc_clariion0_1369 5120 thin DGC%5FVRAID%5FCETV2140800019%5F600601601D303800FA9F8E2DD4A5E411 2
emc_clariion0_1368 5120 thin DGC%5FVRAID%5FCETV2140800019%5F600601601D3038001EB3FB26D4A5E411 2
emc_clariion0_1367 5120 thin DGC%5FVRAID%5FCETV2140800019%5F600601601D3038001CB3FB26D4A5E411 2
emc_clariion0_1366 5120 thin DGC%5FVRAID%5FCETV2140800019%5F600601601D3038001AB3FB26D4A5E411 2
emc_clariion0_1365 5120 thin DGC%5FVRAID%5FCETV2140800019%5F600601601D30380018B3FB26D4A5E411 2


DISKS Found:

ams_25000_518
