Avaiable DISK:
emc_clariion0_7 10199 thick
emc_clariion0_6 10199 thick
emc_clariion0_591 10199 thick
emc_clariion0_590 10199 thick
emc_clariion0_589 10199 thick
emc_clariion0_588 10199 thick
emc_clariion0_587 10199 thick
emc_clariion0_586 10199 thick
emc_clariion0_585 10199 thick
emc_clariion0_584 10199 thick
emc_clariion0_583 10199 thick
emc_clariion0_582 10199 thick
emc_clariion0_581 10199 thick
emc_clariion0_580 10199 thick
emc_clariion0_579 10199 thick
emc_clariion0_578 10199 thick
emc_clariion0_577 10199 thick
emc_clariion0_576 10199 thick
emc_clariion0_575 10199 thick
emc_clariion0_5 10199 thick
emc_clariion0_9 10178 thick
emc_clariion0_8 10178 thick
emc0_0712 10199 thin
emc0_0711 10199 thin
emc0_0710 10199 thin
emc0_070f 10199 thin
emc0_070e 10199 thin
emc0_070d 10199 thin
emc0_070c 10199 thin
emc0_070b 10199 thin
emc0_070a 10199 thin
emc0_0709 10199 thin
emc0_0708 10199 thin
emc0_0707 10199 thin
emc0_0706 10199 thin
emc0_0705 10199 thin
emc0_0704 10199 thin
emc0_0703 10199 thin
emc0_0702 10199 thin
emc0_0700 10199 thin


DISKS Found:

emc_clariion0_7
