Avaiable DISK:
emc_clariion0_271 5079 thick DGC%5FRAID%205%5FCKM00121900328%5F6006016024F030002CBD72ED2EE1E611 4
emc_clariion0_270 5079 thick DGC%5FRAID%205%5FCKM00121900328%5F6006016024F030002BBD72ED2EE1E611 4
emc_clariion0_269 5079 thick DGC%5FRAID%205%5FCKM00121900328%5F6006016024F030002ABD72ED2EE1E611 4
emc_clariion0_268 5079 thick DGC%5FRAID%205%5FCKM00121900328%5F6006016024F0300029BD72ED2EE1E611 4
emc_clariion0_267 5079 thick DGC%5FRAID%205%5FCKM00121900328%5F6006016024F0300028BD72ED2EE1E611 4
emc_clariion0_266 5079 thick DGC%5FRAID%205%5FCKM00121900328%5F6006016024F0300027BD72ED2EE1E611 4
emc_clariion0_265 5079 thick DGC%5FRAID%205%5FCKM00121900328%5F6006016024F0300026BD72ED2EE1E611 4
emc_clariion0_264 5079 thick DGC%5FRAID%205%5FCKM00121900328%5F6006016024F030007E58F7E62EE1E611 4
emc_clariion0_252 5079 thick DGC%5FRAID%205%5FCKM00121900328%5F6006016024F030007D58F7E62EE1E611 4
emc_clariion0_251 5079 thick DGC%5FRAID%205%5FCKM00121900328%5F6006016024F030007C58F7E62EE1E611 4
emc_clariion0_250 5079 thick DGC%5FRAID%205%5FCKM00121900328%5F6006016024F030007B58F7E62EE1E611 4
emc_clariion0_249 5079 thick DGC%5FRAID%205%5FCKM00121900328%5F6006016024F030007A58F7E62EE1E611 4
emc_clariion0_248 5079 thick DGC%5FRAID%205%5FCKM00121900328%5F6006016024F030007958F7E62EE1E611 4
emc_clariion0_247 5079 thick DGC%5FRAID%205%5FCKM00121900328%5F6006016024F030007858F7E62EE1E611 4
emc_clariion0_244 5079 thick DGC%5FRAID%205%5FCKM00121900328%5F6006016024F030007758F7E62EE1E611 4
emc_clariion0_243 5079 thick DGC%5FRAID%205%5FCKM00121900328%5F6006016024F030007658F7E62EE1E611 4
emc_clariion0_242 5079 thick DGC%5FRAID%205%5FCKM00121900328%5F6006016024F03000CF2AD4E02EE1E611 4
emc_clariion0_240 5079 thick DGC%5FRAID%205%5FCKM00121900328%5F6006016024F03000CE2AD4E02EE1E611 4
emc_clariion0_239 5079 thick DGC%5FRAID%205%5FCKM00121900328%5F6006016024F03000CD2AD4E02EE1E611 4
emc_clariion0_238 5079 thick DGC%5FRAID%205%5FCKM00121900328%5F6006016024F03000CC2AD4E02EE1E611 4
emc_clariion0_237 5079 thick DGC%5FRAID%205%5FCKM00121900328%5F6006016024F03000CB2AD4E02EE1E611 4
emc_clariion0_236 5079 thick DGC%5FRAID%205%5FCKM00121900328%5F6006016024F03000CA2AD4E02EE1E611 4
emc_clariion0_313 989 thick DGC%5FRAID%205%5FCKM00121900328%5F6006016024F03000CA245C092FE1E611 4
emc_clariion0_312 989 thick DGC%5FRAID%205%5FCKM00121900328%5F6006016024F03000C9245C092FE1E611 4


DISKS Found:

emc_clariion0_271
