Avaiable DISK:
emc0_0a86 5079 thick EMC%5FSYMMETRIX%5F000492600040%5F4000A86000 2
emc0_0a85 5079 thick EMC%5FSYMMETRIX%5F000492600040%5F4000A85000 2
emc0_0a84 5079 thick EMC%5FSYMMETRIX%5F000492600040%5F4000A84000 2
emc0_0a7d 5079 thick EMC%5FSYMMETRIX%5F000492600040%5F4000A7D000 2
emc0_0a7c 5079 thick EMC%5FSYMMETRIX%5F000492600040%5F4000A7C000 2
emc0_0a7b 5079 thick EMC%5FSYMMETRIX%5F000492600040%5F4000A7B000 2
emc0_0a7a 5079 thick EMC%5FSYMMETRIX%5F000492600040%5F4000A7A000 2
emc0_0a79 5079 thick EMC%5FSYMMETRIX%5F000492600040%5F4000A79000 2
emc0_0a77 5079 thick EMC%5FSYMMETRIX%5F000492600040%5F4000A77000 2
emc0_0a74 5079 thick EMC%5FSYMMETRIX%5F000492600040%5F4000A74000 2
emc0_0a73 5079 thick EMC%5FSYMMETRIX%5F000492600040%5F4000A73000 2
emc0_0a72 5079 thick EMC%5FSYMMETRIX%5F000492600040%5F4000A72000 2
emc0_0a71 5079 thick EMC%5FSYMMETRIX%5F000492600040%5F4000A71000 2
emc0_0a70 5079 thick EMC%5FSYMMETRIX%5F000492600040%5F4000A70000 2
emc0_0a6f 5079 thick EMC%5FSYMMETRIX%5F000492600040%5F4000A6F000 2
emc0_0a6e 5079 thick EMC%5FSYMMETRIX%5F000492600040%5F4000A6E000 2
emc0_0a6d 5079 thick EMC%5FSYMMETRIX%5F000492600040%5F4000A6D000 2
emc0_0aed 5079 thin EMC%5FSYMMETRIX%5F000492600040%5F4000AED000 2
emc0_0aec 5079 thin EMC%5FSYMMETRIX%5F000492600040%5F4000AEC000 2
emc0_0aeb 5079 thin EMC%5FSYMMETRIX%5F000492600040%5F4000AEB000 2
emc0_0aea 5079 thin EMC%5FSYMMETRIX%5F000492600040%5F4000AEA000 2
emc0_0ae9 5079 thin EMC%5FSYMMETRIX%5F000492600040%5F4000AE9000 2
emc0_0ae8 5079 thin EMC%5FSYMMETRIX%5F000492600040%5F4000AE8000 2
emc0_0ae7 5079 thin EMC%5FSYMMETRIX%5F000492600040%5F4000AE7000 2
emc0_0ae6 5079 thin EMC%5FSYMMETRIX%5F000492600040%5F4000AE6000 2
emc0_0ae5 5079 thin EMC%5FSYMMETRIX%5F000492600040%5F4000AE5000 2
emc0_0ae4 5079 thin EMC%5FSYMMETRIX%5F000492600040%5F4000AE4000 2
emc0_0ae3 5079 thin EMC%5FSYMMETRIX%5F000492600040%5F4000AE3000 2
emc0_0ae2 5079 thin EMC%5FSYMMETRIX%5F000492600040%5F4000AE2000 2
emc0_0ae1 5079 thin EMC%5FSYMMETRIX%5F000492600040%5F4000AE1000 2
emc0_0ae0 5079 thin EMC%5FSYMMETRIX%5F000492600040%5F4000AE0000 2
emc0_0adf 5079 thin EMC%5FSYMMETRIX%5F000492600040%5F4000ADF000 2
emc0_0ade 5079 thin EMC%5FSYMMETRIX%5F000492600040%5F4000ADE000 2
emc0_0add 5079 thin EMC%5FSYMMETRIX%5F000492600040%5F4000ADD000 2
emc0_0adc 5079 thin EMC%5FSYMMETRIX%5F000492600040%5F4000ADC000 2
emc0_0adb 5079 thin EMC%5FSYMMETRIX%5F000492600040%5F4000ADB000 2
emc0_0ada 5079 thin EMC%5FSYMMETRIX%5F000492600040%5F4000ADA000 2


DISKS Found:

emc0_0a86
