Avaiable DISK:
emc_clariion0_154 5079 thick
emc_clariion0_153 5079 thick
emc_clariion0_152 5079 thick
emc_clariion0_151 5079 thick
emc_clariion0_150 5079 thick
emc_clariion0_149 5079 thick
emc_clariion0_148 5079 thick
emc_clariion0_147 5079 thick
emc_clariion0_146 5079 thick
emc_clariion0_145 5079 thick
emc_clariion0_144 5079 thick
emc_clariion0_143 5079 thick
emc_clariion0_142 5079 thick
emc_clariion0_141 5079 thick
emc_clariion0_133 5079 thick
emc_clariion0_132 5079 thick
emc_clariion0_131 5079 thick
emc_clariion0_130 5079 thick
emc_clariion0_118 5079 thick
emc_clariion0_170 5079 thin
emc_clariion0_169 5079 thin
emc_clariion0_168 5079 thin
emc_clariion0_167 5079 thin
emc_clariion0_166 5079 thin
emc_clariion0_165 5079 thin
emc_clariion0_164 5079 thin
emc_clariion0_163 5079 thin
emc_clariion0_161 5079 thin
emc_clariion0_159 5079 thin
emc_clariion0_158 5079 thin
emc_clariion0_157 5079 thin
emc_clariion0_156 5079 thin


DISKS Found:

emc_clariion0_154
